# markets/pkg/domain/value_objects
{}
# markets/pkg/domain/usecases
{}
# markets/pkg/infra/database/models
{}
# markets/pkg/app/interfaces
{}
# markets/pkg/app/errors
{}
# markets/pkg/interfaces/http/view_models
{}
# markets/pkg/infra/environments
{
	"markets/pkg/infra/environments": {
		"copylocks": [
			{
				"posn": "/home/rafael/Desktop/unico_idtech_challenge/pkg/infra/environments/spy.go:9:11",
				"message": "Configure passes lock by value: markets/pkg/infra/environments.EnvironmentsSpy contains github.com/stretchr/testify/mock.Mock contains sync.Mutex"
			},
			{
				"posn": "/home/rafael/Desktop/unico_idtech_challenge/pkg/infra/environments/spy.go:15:11",
				"message": "GO_ENV passes lock by value: markets/pkg/infra/environments.EnvironmentsSpy contains github.com/stretchr/testify/mock.Mock contains sync.Mutex"
			},
			{
				"posn": "/home/rafael/Desktop/unico_idtech_challenge/pkg/infra/environments/spy.go:19:11",
				"message": "DEV_ENV passes lock by value: markets/pkg/infra/environments.EnvironmentsSpy contains github.com/stretchr/testify/mock.Mock contains sync.Mutex"
			},
			{
				"posn": "/home/rafael/Desktop/unico_idtech_challenge/pkg/infra/environments/spy.go:23:11",
				"message": "STAGING_ENV passes lock by value: markets/pkg/infra/environments.EnvironmentsSpy contains github.com/stretchr/testify/mock.Mock contains sync.Mutex"
			},
			{
				"posn": "/home/rafael/Desktop/unico_idtech_challenge/pkg/infra/environments/spy.go:27:11",
				"message": "PROD_ENV passes lock by value: markets/pkg/infra/environments.EnvironmentsSpy contains github.com/stretchr/testify/mock.Mock contains sync.Mutex"
			}
		]
	}
}
# markets/pkg/infra/repositories
{
	"markets/pkg/infra/repositories": {
		"copylocks": [
			{
				"posn": "/home/rafael/Desktop/unico_idtech_challenge/pkg/infra/repositories/spy.go:15:11",
				"message": "Create passes lock by value: markets/pkg/infra/repositories.MarketRepositorySpy contains github.com/stretchr/testify/mock.Mock contains sync.Mutex"
			},
			{
				"posn": "/home/rafael/Desktop/unico_idtech_challenge/pkg/infra/repositories/spy.go:21:11",
				"message": "Find passes lock by value: markets/pkg/infra/repositories.MarketRepositorySpy contains github.com/stretchr/testify/mock.Mock contains sync.Mutex"
			},
			{
				"posn": "/home/rafael/Desktop/unico_idtech_challenge/pkg/infra/repositories/spy.go:27:11",
				"message": "Update passes lock by value: markets/pkg/infra/repositories.MarketRepositorySpy contains github.com/stretchr/testify/mock.Mock contains sync.Mutex"
			},
			{
				"posn": "/home/rafael/Desktop/unico_idtech_challenge/pkg/infra/repositories/spy.go:33:11",
				"message": "Delete passes lock by value: markets/pkg/infra/repositories.MarketRepositorySpy contains github.com/stretchr/testify/mock.Mock contains sync.Mutex"
			}
		]
	}
}
# markets/pkg/infra/adapters
{}
# markets/pkg/infra/http_server
{
	"markets/pkg/infra/http_server": {
		"copylocks": [
			{
				"posn": "/home/rafael/Desktop/unico_idtech_challenge/pkg/infra/http_server/spy.go:12:11",
				"message": "Default passes lock by value: markets/pkg/infra/http_server.HTTPServerSpy contains github.com/stretchr/testify/mock.Mock contains sync.Mutex"
			},
			{
				"posn": "/home/rafael/Desktop/unico_idtech_challenge/pkg/infra/http_server/spy.go:16:11",
				"message": "RegisterRoute passes lock by value: markets/pkg/infra/http_server.HTTPServerSpy contains github.com/stretchr/testify/mock.Mock contains sync.Mutex"
			},
			{
				"posn": "/home/rafael/Desktop/unico_idtech_challenge/pkg/infra/http_server/spy.go:22:11",
				"message": "Setup passes lock by value: markets/pkg/infra/http_server.HTTPServerSpy contains github.com/stretchr/testify/mock.Mock contains sync.Mutex"
			},
			{
				"posn": "/home/rafael/Desktop/unico_idtech_challenge/pkg/infra/http_server/spy.go:26:11",
				"message": "Run passes lock by value: markets/pkg/infra/http_server.HTTPServerSpy contains github.com/stretchr/testify/mock.Mock contains sync.Mutex"
			}
		]
	}
}
# markets/db
{}
# markets/pkg/infra/database
{}
# markets/cmd
{}
# markets/pkg/app/usecases
{
	"markets/pkg/app/usecases": {
		"copylocks": [
			{
				"posn": "/home/rafael/Desktop/unico_idtech_challenge/pkg/app/usecases/spy.go:15:11",
				"message": "Execute passes lock by value: markets/pkg/app/usecases.CreateMarketUseCaseSpy contains github.com/stretchr/testify/mock.Mock contains sync.Mutex"
			},
			{
				"posn": "/home/rafael/Desktop/unico_idtech_challenge/pkg/app/usecases/spy.go:29:11",
				"message": "Execute passes lock by value: markets/pkg/app/usecases.DeleteMarketUseCaseSpy contains github.com/stretchr/testify/mock.Mock contains sync.Mutex"
			},
			{
				"posn": "/home/rafael/Desktop/unico_idtech_challenge/pkg/app/usecases/spy.go:44:11",
				"message": "Execute passes lock by value: markets/pkg/app/usecases.GetMarketByQueryUseCaseSpy contains github.com/stretchr/testify/mock.Mock contains sync.Mutex"
			},
			{
				"posn": "/home/rafael/Desktop/unico_idtech_challenge/pkg/app/usecases/spy.go:59:11",
				"message": "Execute passes lock by value: markets/pkg/app/usecases.UpdateMarketUseCaseSpy contains github.com/stretchr/testify/mock.Mock contains sync.Mutex"
			}
		]
	}
}
# markets/pkg/infra/logger
{
	"markets/pkg/infra/logger": {
		"copylocks": [
			{
				"posn": "/home/rafael/Desktop/unico_idtech_challenge/pkg/infra/logger/spy.go:12:11",
				"message": "Debug passes lock by value: markets/pkg/infra/logger.LoggerSpy contains github.com/stretchr/testify/mock.Mock contains sync.Mutex"
			},
			{
				"posn": "/home/rafael/Desktop/unico_idtech_challenge/pkg/infra/logger/spy.go:15:11",
				"message": "Info passes lock by value: markets/pkg/infra/logger.LoggerSpy contains github.com/stretchr/testify/mock.Mock contains sync.Mutex"
			},
			{
				"posn": "/home/rafael/Desktop/unico_idtech_challenge/pkg/infra/logger/spy.go:18:11",
				"message": "Warn passes lock by value: markets/pkg/infra/logger.LoggerSpy contains github.com/stretchr/testify/mock.Mock contains sync.Mutex"
			},
			{
				"posn": "/home/rafael/Desktop/unico_idtech_challenge/pkg/infra/logger/spy.go:21:11",
				"message": "Error passes lock by value: markets/pkg/infra/logger.LoggerSpy contains github.com/stretchr/testify/mock.Mock contains sync.Mutex"
			}
		]
	}
}
# markets/pkg/interfaces/http/factories
{}
# markets/pkg/infra/validator
{
	"markets/pkg/infra/validator": {
		"copylocks": [
			{
				"posn": "/home/rafael/Desktop/unico_idtech_challenge/pkg/infra/validator/spy.go:13:11",
				"message": "ValidateStruct passes lock by value: markets/pkg/infra/validator.ValidatorSpy contains github.com/stretchr/testify/mock.Mock contains sync.Mutex"
			}
		]
	}
}
# markets
{}
# markets/pkg/interfaces/http/presenters
{}
# markets/pkg/interfaces/http/handlers
{
	"markets/pkg/interfaces/http/handlers": {
		"copylocks": [
			{
				"posn": "/home/rafael/Desktop/unico_idtech_challenge/pkg/interfaces/http/handlers/spy.go:13:11",
				"message": "Create passes lock by value: markets/pkg/interfaces/http/handlers.MarketsHandlersSpy contains github.com/stretchr/testify/mock.Mock contains sync.Mutex"
			},
			{
				"posn": "/home/rafael/Desktop/unico_idtech_challenge/pkg/interfaces/http/handlers/spy.go:18:11",
				"message": "GetByQuery passes lock by value: markets/pkg/interfaces/http/handlers.MarketsHandlersSpy contains github.com/stretchr/testify/mock.Mock contains sync.Mutex"
			},
			{
				"posn": "/home/rafael/Desktop/unico_idtech_challenge/pkg/interfaces/http/handlers/spy.go:23:11",
				"message": "Update passes lock by value: markets/pkg/interfaces/http/handlers.MarketsHandlersSpy contains github.com/stretchr/testify/mock.Mock contains sync.Mutex"
			},
			{
				"posn": "/home/rafael/Desktop/unico_idtech_challenge/pkg/interfaces/http/handlers/spy.go:28:11",
				"message": "Delete passes lock by value: markets/pkg/interfaces/http/handlers.MarketsHandlersSpy contains github.com/stretchr/testify/mock.Mock contains sync.Mutex"
			}
		]
	}
}
